# JRE version: Java(TM) SE Runtime Environment (8.0_45-b14) (build 1.8.0_45-b14)
# Java VM: Java HotSpot(TM) 64-Bit Server VM (25.45-b02 mixed mode linux-amd64 compressed oops)
Heap:
 PSYoungGen      total 204800K, used 10211K [0x00000000eab00000, 0x00000000f7d80000, 0x0000000100000000)
  eden space 194560K, 0% used [0x00000000eab00000,0x00000000eab00000,0x00000000f6900000)
  from space 10240K, 99% used [0x00000000f6900000,0x00000000f72f8ca8,0x00000000f7300000)
  to   space 9728K, 0% used [0x00000000f7300000,0x00000000f7300000,0x00000000f7c80000)
 ParOldGen       total 52224K, used 47874K [0x00000000c0000000, 0x00000000c3300000, 0x00000000eab00000)
  object space 52224K, 91% used [0x00000000c0000000,0x00000000c2ec0850,0x00000000c3300000)
 Metaspace       used 7408K, capacity 7842K, committed 7936K, reserved 1056768K
  class space    used 713K, capacity 721K, committed 768K, reserved 1048576K
GC Heap History (10 events):
Event: 3,435 GC heap after
Heap after GC invocations=6 (full 0):
 PSYoungGen      total 69120K, used 4427K [0x00000000eab00000, 0x00000000ef700000, 0x0000000100000000)
  eden space 61440K, 0% used [0x00000000eab00000,0x00000000eab00000,0x00000000ee700000)
  from space 7680K, 57% used [0x00000000eef80000,0x00000000ef3d2eb0,0x00000000ef700000)
  to   space 8192K, 0% used [0x00000000ee700000,0x00000000ee700000,0x00000000eef00000)
 ParOldGen       total 40960K, used 14187K [0x00000000c0000000, 0x00000000c2800000, 0x00000000eab00000)
  object space 40960K, 34% used [0x00000000c0000000,0x00000000c0ddaf50,0x00000000c2800000)
 Metaspace       used 7288K, capacity 7836K, committed 7936K, reserved 1056768K
  class space    used 704K, capacity 720K, committed 768K, reserved 1048576K
}
Event: 3,827 GC heap before
{Heap before GC invocations=7 (full 0):
 PSYoungGen      total 69120K, used 65867K [0x00000000eab00000, 0x00000000ef700000, 0x0000000100000000)
  eden space 61440K, 100% used [0x00000000eab00000,0x00000000ee700000,0x00000000ee700000)
  from space 7680K, 57% used [0x00000000eef80000,0x00000000ef3d2eb0,0x00000000ef700000)
  to   space 8192K, 0% used [0x00000000ee700000,0x00000000ee700000,0x00000000eef00000)
 ParOldGen       total 40960K, used 14187K [0x00000000c0000000, 0x00000000c2800000, 0x00000000eab00000)
  object space 40960K, 34% used [0x00000000c0000000,0x00000000c0ddaf50,0x00000000c2800000)
 Metaspace       used 7384K, capacity 7842K, committed 7936K, reserved 1056768K
  class space    used 713K, capacity 721K, committed 768K, reserved 1048576K
Event: 3,879 GC heap after
Heap after GC invocations=7 (full 0):
 PSYoungGen      total 69632K, used 7126K [0x00000000eab00000, 0x00000000f3400000, 0x0000000100000000)
  eden space 61440K, 0% used [0x00000000eab00000,0x00000000eab00000,0x00000000ee700000)
  from space 8192K, 86% used [0x00000000ee700000,0x00000000eedf5988,0x00000000eef00000)
  to   space 8704K, 0% used [0x00000000f2b80000,0x00000000f2b80000,0x00000000f3400000)
 ParOldGen       total 40960K, used 15865K [0x00000000c0000000, 0x00000000c2800000, 0x00000000eab00000)
  object space 40960K, 38% used [0x00000000c0000000,0x00000000c0f7e748,0x00000000c2800000)
 Metaspace       used 7384K, capacity 7842K, committed 7936K, reserved 1056768K
  class space    used 713K, capacity 721K, committed 768K, reserved 1048576K
}
Event: 4,034 GC heap before
{Heap before GC invocations=8 (full 0):
 PSYoungGen      total 69632K, used 68566K [0x00000000eab00000, 0x00000000f3400000, 0x0000000100000000)
  eden space 61440K, 100% used [0x00000000eab00000,0x00000000ee700000,0x00000000ee700000)
  from space 8192K, 86% used [0x00000000ee700000,0x00000000eedf5988,0x00000000eef00000)
  to   space 8704K, 0% used [0x00000000f2b80000,0x00000000f2b80000,0x00000000f3400000)
 ParOldGen       total 40960K, used 15865K [0x00000000c0000000, 0x00000000c2800000, 0x00000000eab00000)
  object space 40960K, 38% used [0x00000000c0000000,0x00000000c0f7e748,0x00000000c2800000)
 Metaspace       used 7392K, capacity 7842K, committed 7936K, reserved 1056768K
  class space    used 713K, capacity 721K, committed 768K, reserved 1048576K
Event: 4,058 GC heap after
Heap after GC invocations=8 (full 0):
 PSYoungGen      total 130560K, used 8494K [0x00000000eab00000, 0x00000000f3600000, 0x0000000100000000)
  eden space 121856K, 0% used [0x00000000eab00000,0x00000000eab00000,0x00000000f2200000)
  from space 8704K, 97% used [0x00000000f2b80000,0x00000000f33cbba8,0x00000000f3400000)
  to   space 9728K, 0% used [0x00000000f2200000,0x00000000f2200000,0x00000000f2b80000)
 ParOldGen       total 40960K, used 19641K [0x00000000c0000000, 0x00000000c2800000, 0x00000000eab00000)
  object space 40960K, 47% used [0x00000000c0000000,0x00000000c132e528,0x00000000c2800000)
 Metaspace       used 7392K, capacity 7842K, committed 7936K, reserved 1056768K
  class space    used 713K, capacity 721K, committed 768K, reserved 1048576K
}
Event: 4,633 GC heap before
{Heap before GC invocations=9 (full 0):
 PSYoungGen      total 130560K, used 126998K [0x00000000eab00000, 0x00000000f3600000, 0x0000000100000000)
  eden space 121856K, 97% used [0x00000000eab00000,0x00000000f1eb9e98,0x00000000f2200000)
  from space 8704K, 97% used [0x00000000f2b80000,0x00000000f33cbba8,0x00000000f3400000)
  to   space 9728K, 0% used [0x00000000f2200000,0x00000000f2200000,0x00000000f2b80000)
 ParOldGen       total 40960K, used 19641K [0x00000000c0000000, 0x00000000c2800000, 0x00000000eab00000)
  object space 40960K, 47% used [0x00000000c0000000,0x00000000c132e528,0x00000000c2800000)
 Metaspace       used 7397K, capacity 7842K, committed 7936K, reserved 1056768K
  class space    used 713K, capacity 721K, committed 768K, reserved 1048576K
Event: 4,659 GC heap after
Heap after GC invocations=9 (full 0):
 PSYoungGen      total 131584K, used 6452K [0x00000000eab00000, 0x00000000f7c80000, 0x0000000100000000)
  eden space 121856K, 0% used [0x00000000eab00000,0x00000000eab00000,0x00000000f2200000)
  from space 9728K, 66% used [0x00000000f2200000,0x00000000f284d020,0x00000000f2b80000)
  to   space 9728K, 0% used [0x00000000f7300000,0x00000000f7300000,0x00000000f7c80000)
 ParOldGen       total 40960K, used 19721K [0x00000000c0000000, 0x00000000c2800000, 0x00000000eab00000)
  object space 40960K, 48% used [0x00000000c0000000,0x00000000c1342528,0x00000000c2800000)
 Metaspace       used 7397K, capacity 7842K, committed 7936K, reserved 1056768K
  class space    used 713K, capacity 721K, committed 768K, reserved 1048576K
}
Event: 5,032 GC heap before
{Heap before GC invocations=10 (full 0):
 PSYoungGen      total 131584K, used 128308K [0x00000000eab00000, 0x00000000f7c80000, 0x0000000100000000)
  eden space 121856K, 100% used [0x00000000eab00000,0x00000000f2200000,0x00000000f2200000)
  from space 9728K, 66% used [0x00000000f2200000,0x00000000f284d020,0x00000000f2b80000)
  to   space 9728K, 0% used [0x00000000f7300000,0x00000000f7300000,0x00000000f7c80000)
 ParOldGen       total 40960K, used 19721K [0x00000000c0000000, 0x00000000c2800000, 0x00000000eab00000)
  object space 40960K, 48% used [0x00000000c0000000,0x00000000c1342528,0x00000000c2800000)
 Metaspace       used 7402K, capacity 7842K, committed 7936K, reserved 1056768K
  class space    used 713K, capacity 721K, committed 768K, reserved 1048576K
Event: 5,101 GC heap after
Heap after GC invocations=10 (full 0):
 PSYoungGen      total 204288K, used 8315K [0x00000000eab00000, 0x00000000f7d80000, 0x0000000100000000)
  eden space 194560K, 0% used [0x00000000eab00000,0x00000000eab00000,0x00000000f6900000)
  from space 9728K, 85% used [0x00000000f7300000,0x00000000f7b1ef60,0x00000000f7c80000)
  to   space 10240K, 0% used [0x00000000f6900000,0x00000000f6900000,0x00000000f7300000)
 ParOldGen       total 40960K, used 30922K [0x00000000c0000000, 0x00000000c2800000, 0x00000000eab00000)
  object space 40960K, 75% used [0x00000000c0000000,0x00000000c1e32850,0x00000000c2800000)
 Metaspace       used 7402K, capacity 7842K, committed 7936K, reserved 1056768K
  class space    used 713K, capacity 721K, committed 768K, reserved 1048576K
}
Event: 5,815 GC heap before
{Heap before GC invocations=11 (full 0):
 PSYoungGen      total 204288K, used 202875K [0x00000000eab00000, 0x00000000f7d80000, 0x0000000100000000)
  eden space 194560K, 100% used [0x00000000eab00000,0x00000000f6900000,0x00000000f6900000)
  from space 9728K, 85% used [0x00000000f7300000,0x00000000f7b1ef60,0x00000000f7c80000)
  to   space 10240K, 0% used [0x00000000f6900000,0x00000000f6900000,0x00000000f7300000)
 ParOldGen       total 40960K, used 30922K [0x00000000c0000000, 0x00000000c2800000, 0x00000000eab00000)
  object space 40960K, 75% used [0x00000000c0000000,0x00000000c1e32850,0x00000000c2800000)
 Metaspace       used 7408K, capacity 7842K, committed 7936K, reserved 1056768K
  class space    used 713K, capacity 721K, committed 768K, reserved 1048576K

