# JRE version: Java(TM) SE Runtime Environment (8.0_45-b14) (build 1.8.0_45-b14)
# Java VM: Java HotSpot(TM) 64-Bit Server VM (25.45-b02 mixed mode linux-amd64 compressed oops)
Heap:
 PSYoungGen      total 197120K, used 10981K [0x00000000eab00000, 0x00000000f7b00000, 0x0000000100000000)
  eden space 183296K, 0% used [0x00000000eab00000,0x00000000eab00000,0x00000000f5e00000)
  from space 13824K, 79% used [0x00000000f5e00000,0x00000000f68b9600,0x00000000f6b80000)
  to   space 12288K, 0% used [0x00000000f6b80000,0x00000000f6b80000,0x00000000f7780000)
 ParOldGen       total 44544K, used 40732K [0x00000000c0000000, 0x00000000c2b80000, 0x00000000eab00000)
  object space 44544K, 91% used [0x00000000c0000000,0x00000000c27c73e0,0x00000000c2b80000)
 Metaspace       used 7413K, capacity 7842K, committed 7936K, reserved 1056768K
  class space    used 713K, capacity 721K, committed 768K, reserved 1048576K
GC Heap History (10 events):
Event: 4,361 GC heap after
Heap after GC invocations=7 (full 0):
 PSYoungGen      total 69120K, used 7667K [0x00000000eab00000, 0x00000000f3800000, 0x0000000100000000)
  eden space 61440K, 0% used [0x00000000eab00000,0x00000000eab00000,0x00000000ee700000)
  from space 7680K, 99% used [0x00000000ee700000,0x00000000eee7ce10,0x00000000eee80000)
  to   space 10752K, 0% used [0x00000000f2d80000,0x00000000f2d80000,0x00000000f3800000)
 ParOldGen       total 40960K, used 19266K [0x00000000c0000000, 0x00000000c2800000, 0x00000000eab00000)
  object space 40960K, 47% used [0x00000000c0000000,0x00000000c12d0a48,0x00000000c2800000)
 Metaspace       used 7391K, capacity 7842K, committed 7936K, reserved 1056768K
  class space    used 713K, capacity 721K, committed 768K, reserved 1048576K
}
Event: 4,591 GC heap before
{Heap before GC invocations=8 (full 0):
 PSYoungGen      total 69120K, used 69107K [0x00000000eab00000, 0x00000000f3800000, 0x0000000100000000)
  eden space 61440K, 100% used [0x00000000eab00000,0x00000000ee700000,0x00000000ee700000)
  from space 7680K, 99% used [0x00000000ee700000,0x00000000eee7ce10,0x00000000eee80000)
  to   space 10752K, 0% used [0x00000000f2d80000,0x00000000f2d80000,0x00000000f3800000)
 ParOldGen       total 40960K, used 19266K [0x00000000c0000000, 0x00000000c2800000, 0x00000000eab00000)
  object space 40960K, 47% used [0x00000000c0000000,0x00000000c12d0a48,0x00000000c2800000)
 Metaspace       used 7400K, capacity 7842K, committed 7936K, reserved 1056768K
  class space    used 713K, capacity 721K, committed 768K, reserved 1048576K
Event: 4,633 GC heap after
Heap after GC invocations=8 (full 0):
 PSYoungGen      total 132608K, used 10220K [0x00000000eab00000, 0x00000000f3a00000, 0x0000000100000000)
  eden space 121856K, 0% used [0x00000000eab00000,0x00000000eab00000,0x00000000f2200000)
  from space 10752K, 95% used [0x00000000f2d80000,0x00000000f377b348,0x00000000f3800000)
  to   space 11776K, 0% used [0x00000000f2200000,0x00000000f2200000,0x00000000f2d80000)
 ParOldGen       total 40960K, used 32792K [0x00000000c0000000, 0x00000000c2800000, 0x00000000eab00000)
  object space 40960K, 80% used [0x00000000c0000000,0x00000000c20062c8,0x00000000c2800000)
 Metaspace       used 7400K, capacity 7842K, committed 7936K, reserved 1056768K
  class space    used 713K, capacity 721K, committed 768K, reserved 1048576K
}
Event: 4,633 GC heap before
{Heap before GC invocations=9 (full 1):
 PSYoungGen      total 132608K, used 10220K [0x00000000eab00000, 0x00000000f3a00000, 0x0000000100000000)
  eden space 121856K, 0% used [0x00000000eab00000,0x00000000eab00000,0x00000000f2200000)
  from space 10752K, 95% used [0x00000000f2d80000,0x00000000f377b348,0x00000000f3800000)
  to   space 11776K, 0% used [0x00000000f2200000,0x00000000f2200000,0x00000000f2d80000)
 ParOldGen       total 40960K, used 32792K [0x00000000c0000000, 0x00000000c2800000, 0x00000000eab00000)
  object space 40960K, 80% used [0x00000000c0000000,0x00000000c20062c8,0x00000000c2800000)
 Metaspace       used 7400K, capacity 7842K, committed 7936K, reserved 1056768K
  class space    used 713K, capacity 721K, committed 768K, reserved 1048576K
Event: 4,713 GC heap after
Heap after GC invocations=9 (full 1):
 PSYoungGen      total 132608K, used 0K [0x00000000eab00000, 0x00000000f3a00000, 0x0000000100000000)
  eden space 121856K, 0% used [0x00000000eab00000,0x00000000eab00000,0x00000000f2200000)
  from space 10752K, 0% used [0x00000000f2d80000,0x00000000f2d80000,0x00000000f3800000)
  to   space 11776K, 0% used [0x00000000f2200000,0x00000000f2200000,0x00000000f2d80000)
 ParOldGen       total 44544K, used 17110K [0x00000000c0000000, 0x00000000c2b80000, 0x00000000eab00000)
  object space 44544K, 38% used [0x00000000c0000000,0x00000000c10b5928,0x00000000c2b80000)
 Metaspace       used 7400K, capacity 7842K, committed 7936K, reserved 1056768K
  class space    used 713K, capacity 721K, committed 768K, reserved 1048576K
}
Event: 5,166 GC heap before
{Heap before GC invocations=10 (full 1):
 PSYoungGen      total 132608K, used 121856K [0x00000000eab00000, 0x00000000f3a00000, 0x0000000100000000)
  eden space 121856K, 100% used [0x00000000eab00000,0x00000000f2200000,0x00000000f2200000)
  from space 10752K, 0% used [0x00000000f2d80000,0x00000000f2d80000,0x00000000f3800000)
  to   space 11776K, 0% used [0x00000000f2200000,0x00000000f2200000,0x00000000f2d80000)
 ParOldGen       total 44544K, used 17110K [0x00000000c0000000, 0x00000000c2b80000, 0x00000000eab00000)
  object space 44544K, 38% used [0x00000000c0000000,0x00000000c10b5928,0x00000000c2b80000)
 Metaspace       used 7405K, capacity 7842K, committed 7936K, reserved 1056768K
  class space    used 713K, capacity 721K, committed 768K, reserved 1048576K
Event: 5,194 GC heap after
Heap after GC invocations=10 (full 1):
 PSYoungGen      total 133632K, used 9903K [0x00000000eab00000, 0x00000000f7780000, 0x0000000100000000)
  eden space 121856K, 0% used [0x00000000eab00000,0x00000000eab00000,0x00000000f2200000)
  from space 11776K, 84% used [0x00000000f2200000,0x00000000f2babe88,0x00000000f2d80000)
  to   space 12288K, 0% used [0x00000000f6b80000,0x00000000f6b80000,0x00000000f7780000)
 ParOldGen       total 44544K, used 26474K [0x00000000c0000000, 0x00000000c2b80000, 0x00000000eab00000)
  object space 44544K, 59% used [0x00000000c0000000,0x00000000c19da838,0x00000000c2b80000)
 Metaspace       used 7405K, capacity 7842K, committed 7936K, reserved 1056768K
  class space    used 713K, capacity 721K, committed 768K, reserved 1048576K
}
Event: 5,512 GC heap before
{Heap before GC invocations=11 (full 1):
 PSYoungGen      total 133632K, used 131759K [0x00000000eab00000, 0x00000000f7780000, 0x0000000100000000)
  eden space 121856K, 100% used [0x00000000eab00000,0x00000000f2200000,0x00000000f2200000)
  from space 11776K, 84% used [0x00000000f2200000,0x00000000f2babe88,0x00000000f2d80000)
  to   space 12288K, 0% used [0x00000000f6b80000,0x00000000f6b80000,0x00000000f7780000)
 ParOldGen       total 44544K, used 26474K [0x00000000c0000000, 0x00000000c2b80000, 0x00000000eab00000)
  object space 44544K, 59% used [0x00000000c0000000,0x00000000c19da838,0x00000000c2b80000)
 Metaspace       used 7410K, capacity 7842K, committed 7936K, reserved 1056768K
  class space    used 713K, capacity 721K, committed 768K, reserved 1048576K
Event: 5,560 GC heap after
Heap after GC invocations=11 (full 1):
 PSYoungGen      total 195584K, used 12174K [0x00000000eab00000, 0x00000000f7b00000, 0x0000000100000000)
  eden space 183296K, 0% used [0x00000000eab00000,0x00000000eab00000,0x00000000f5e00000)
  from space 12288K, 99% used [0x00000000f6b80000,0x00000000f7763b18,0x00000000f7780000)
  to   space 13824K, 0% used [0x00000000f5e00000,0x00000000f5e00000,0x00000000f6b80000)
 ParOldGen       total 44544K, used 30204K [0x00000000c0000000, 0x00000000c2b80000, 0x00000000eab00000)
  object space 44544K, 67% used [0x00000000c0000000,0x00000000c1d7f3f0,0x00000000c2b80000)
 Metaspace       used 7410K, capacity 7842K, committed 7936K, reserved 1056768K
  class space    used 713K, capacity 721K, committed 768K, reserved 1048576K
}
Event: 6,208 GC heap before
{Heap before GC invocations=12 (full 1):
 PSYoungGen      total 195584K, used 195470K [0x00000000eab00000, 0x00000000f7b00000, 0x0000000100000000)
  eden space 183296K, 100% used [0x00000000eab00000,0x00000000f5e00000,0x00000000f5e00000)
  from space 12288K, 99% used [0x00000000f6b80000,0x00000000f7763b18,0x00000000f7780000)
  to   space 13824K, 0% used [0x00000000f5e00000,0x00000000f5e00000,0x00000000f6b80000)
 ParOldGen       total 44544K, used 30204K [0x00000000c0000000, 0x00000000c2b80000, 0x00000000eab00000)
  object space 44544K, 67% used [0x00000000c0000000,0x00000000c1d7f3f0,0x00000000c2b80000)
 Metaspace       used 7413K, capacity 7842K, committed 7936K, reserved 1056768K
  class space    used 713K, capacity 721K, committed 768K, reserved 1048576K

