# JRE version: Java(TM) SE Runtime Environment (8.0_45-b14) (build 1.8.0_45-b14)
# Java VM: Java HotSpot(TM) 64-Bit Server VM (25.45-b02 mixed mode linux-amd64 compressed oops)
Heap:
 PSYoungGen      total 254976K, used 12705K [0x00000000eab00000, 0x00000000fb400000, 0x0000000100000000)
  eden space 240128K, 0% used [0x00000000eab00000,0x00000000eab00000,0x00000000f9580000)
  from space 14848K, 85% used [0x00000000f9580000,0x00000000fa1e8548,0x00000000fa400000)
  to   space 13312K, 0% used [0x00000000fa400000,0x00000000fa400000,0x00000000fb100000)
 ParOldGen       total 57344K, used 26055K [0x00000000c0000000, 0x00000000c3800000, 0x00000000eab00000)
  object space 57344K, 45% used [0x00000000c0000000,0x00000000c1971fb8,0x00000000c3800000)
 Metaspace       used 7569K, capacity 8066K, committed 8192K, reserved 1056768K
  class space    used 717K, capacity 753K, committed 768K, reserved 1048576K
GC Heap History (10 events):
Event: 3,170 GC heap after
Heap after GC invocations=5 (full 0):
 PSYoungGen      total 64000K, used 2533K [0x00000000eab00000, 0x00000000f3900000, 0x0000000100000000)
  eden space 61440K, 0% used [0x00000000eab00000,0x00000000eab00000,0x00000000ee700000)
  from space 2560K, 98% used [0x00000000ee700000,0x00000000ee979660,0x00000000ee980000)
  to   space 11264K, 0% used [0x00000000f2e00000,0x00000000f2e00000,0x00000000f3900000)
 ParOldGen       total 40960K, used 20703K [0x00000000c0000000, 0x00000000c2800000, 0x00000000eab00000)
  object space 40960K, 50% used [0x00000000c0000000,0x00000000c1437de8,0x00000000c2800000)
 Metaspace       used 7444K, capacity 7996K, committed 8192K, reserved 1056768K
  class space    used 708K, capacity 752K, committed 768K, reserved 1048576K
}
Event: 3,449 GC heap before
{Heap before GC invocations=6 (full 0):
 PSYoungGen      total 64000K, used 63973K [0x00000000eab00000, 0x00000000f3900000, 0x0000000100000000)
  eden space 61440K, 100% used [0x00000000eab00000,0x00000000ee700000,0x00000000ee700000)
  from space 2560K, 98% used [0x00000000ee700000,0x00000000ee979660,0x00000000ee980000)
  to   space 11264K, 0% used [0x00000000f2e00000,0x00000000f2e00000,0x00000000f3900000)
 ParOldGen       total 40960K, used 20703K [0x00000000c0000000, 0x00000000c2800000, 0x00000000eab00000)
  object space 40960K, 50% used [0x00000000c0000000,0x00000000c1437de8,0x00000000c2800000)
 Metaspace       used 7536K, capacity 8002K, committed 8192K, reserved 1056768K
  class space    used 717K, capacity 753K, committed 768K, reserved 1048576K
Event: 3,503 GC heap after
Heap after GC invocations=6 (full 0):
 PSYoungGen      total 132096K, used 11253K [0x00000000eab00000, 0x00000000f3d00000, 0x0000000100000000)
  eden space 120832K, 0% used [0x00000000eab00000,0x00000000eab00000,0x00000000f2100000)
  from space 11264K, 99% used [0x00000000f2e00000,0x00000000f38fd4d0,0x00000000f3900000)
  to   space 13312K, 0% used [0x00000000f2100000,0x00000000f2100000,0x00000000f2e00000)
 ParOldGen       total 40960K, used 20735K [0x00000000c0000000, 0x00000000c2800000, 0x00000000eab00000)
  object space 40960K, 50% used [0x00000000c0000000,0x00000000c143fde8,0x00000000c2800000)
 Metaspace       used 7536K, capacity 8002K, committed 8192K, reserved 1056768K
  class space    used 717K, capacity 753K, committed 768K, reserved 1048576K
}
Event: 4,139 GC heap before
{Heap before GC invocations=7 (full 0):
 PSYoungGen      total 132096K, used 132085K [0x00000000eab00000, 0x00000000f3d00000, 0x0000000100000000)
  eden space 120832K, 100% used [0x00000000eab00000,0x00000000f2100000,0x00000000f2100000)
  from space 11264K, 99% used [0x00000000f2e00000,0x00000000f38fd4d0,0x00000000f3900000)
  to   space 13312K, 0% used [0x00000000f2100000,0x00000000f2100000,0x00000000f2e00000)
 ParOldGen       total 40960K, used 20735K [0x00000000c0000000, 0x00000000c2800000, 0x00000000eab00000)
  object space 40960K, 50% used [0x00000000c0000000,0x00000000c143fde8,0x00000000c2800000)
 Metaspace       used 7557K, capacity 8002K, committed 8192K, reserved 1056768K
  class space    used 717K, capacity 753K, committed 768K, reserved 1048576K
Event: 4,157 GC heap after
Heap after GC invocations=7 (full 0):
 PSYoungGen      total 134144K, used 8699K [0x00000000eab00000, 0x00000000fb100000, 0x0000000100000000)
  eden space 120832K, 0% used [0x00000000eab00000,0x00000000eab00000,0x00000000f2100000)
  from space 13312K, 65% used [0x00000000f2100000,0x00000000f297efe8,0x00000000f2e00000)
  to   space 13312K, 0% used [0x00000000fa400000,0x00000000fa400000,0x00000000fb100000)
 ParOldGen       total 40960K, used 21947K [0x00000000c0000000, 0x00000000c2800000, 0x00000000eab00000)
  object space 40960K, 53% used [0x00000000c0000000,0x00000000c156ef90,0x00000000c2800000)
 Metaspace       used 7557K, capacity 8002K, committed 8192K, reserved 1056768K
  class space    used 717K, capacity 753K, committed 768K, reserved 1048576K
}
Event: 4,673 GC heap before
{Heap before GC invocations=8 (full 0):
 PSYoungGen      total 134144K, used 129531K [0x00000000eab00000, 0x00000000fb100000, 0x0000000100000000)
  eden space 120832K, 100% used [0x00000000eab00000,0x00000000f2100000,0x00000000f2100000)
  from space 13312K, 65% used [0x00000000f2100000,0x00000000f297efe8,0x00000000f2e00000)
  to   space 13312K, 0% used [0x00000000fa400000,0x00000000fa400000,0x00000000fb100000)
 ParOldGen       total 40960K, used 21947K [0x00000000c0000000, 0x00000000c2800000, 0x00000000eab00000)
  object space 40960K, 53% used [0x00000000c0000000,0x00000000c156ef90,0x00000000c2800000)
 Metaspace       used 7560K, capacity 8002K, committed 8192K, reserved 1056768K
  class space    used 717K, capacity 753K, committed 768K, reserved 1048576K
Event: 4,808 GC heap after
Heap after GC invocations=8 (full 0):
 PSYoungGen      total 253440K, used 12886K [0x00000000eab00000, 0x00000000fb400000, 0x0000000100000000)
  eden space 240128K, 0% used [0x00000000eab00000,0x00000000eab00000,0x00000000f9580000)
  from space 13312K, 96% used [0x00000000fa400000,0x00000000fb095978,0x00000000fb100000)
  to   space 14848K, 0% used [0x00000000f9580000,0x00000000f9580000,0x00000000fa400000)
 ParOldGen       total 40960K, used 36369K [0x00000000c0000000, 0x00000000c2800000, 0x00000000eab00000)
  object space 40960K, 88% used [0x00000000c0000000,0x00000000c23847e8,0x00000000c2800000)
 Metaspace       used 7560K, capacity 8002K, committed 8192K, reserved 1056768K
  class space    used 717K, capacity 753K, committed 768K, reserved 1048576K
}
Event: 4,808 GC heap before
{Heap before GC invocations=9 (full 1):
 PSYoungGen      total 253440K, used 12886K [0x00000000eab00000, 0x00000000fb400000, 0x0000000100000000)
  eden space 240128K, 0% used [0x00000000eab00000,0x00000000eab00000,0x00000000f9580000)
  from space 13312K, 96% used [0x00000000fa400000,0x00000000fb095978,0x00000000fb100000)
  to   space 14848K, 0% used [0x00000000f9580000,0x00000000f9580000,0x00000000fa400000)
 ParOldGen       total 40960K, used 36369K [0x00000000c0000000, 0x00000000c2800000, 0x00000000eab00000)
  object space 40960K, 88% used [0x00000000c0000000,0x00000000c23847e8,0x00000000c2800000)
 Metaspace       used 7560K, capacity 8002K, committed 8192K, reserved 1056768K
  class space    used 717K, capacity 753K, committed 768K, reserved 1048576K
Event: 4,941 GC heap after
Heap after GC invocations=9 (full 1):
 PSYoungGen      total 253440K, used 0K [0x00000000eab00000, 0x00000000fb400000, 0x0000000100000000)
  eden space 240128K, 0% used [0x00000000eab00000,0x00000000eab00000,0x00000000f9580000)
  from space 13312K, 0% used [0x00000000fa400000,0x00000000fa400000,0x00000000fb100000)
  to   space 14848K, 0% used [0x00000000f9580000,0x00000000f9580000,0x00000000fa400000)
 ParOldGen       total 57344K, used 26055K [0x00000000c0000000, 0x00000000c3800000, 0x00000000eab00000)
  object space 57344K, 45% used [0x00000000c0000000,0x00000000c1971fb8,0x00000000c3800000)
 Metaspace       used 7560K, capacity 8002K, committed 8192K, reserved 1056768K
  class space    used 717K, capacity 753K, committed 768K, reserved 1048576K
}
Event: 6,484 GC heap before
{Heap before GC invocations=10 (full 1):
 PSYoungGen      total 253440K, used 237626K [0x00000000eab00000, 0x00000000fb400000, 0x0000000100000000)
  eden space 240128K, 98% used [0x00000000eab00000,0x00000000f930e9a8,0x00000000f9580000)
  from space 13312K, 0% used [0x00000000fa400000,0x00000000fa400000,0x00000000fb100000)
  to   space 14848K, 0% used [0x00000000f9580000,0x00000000f9580000,0x00000000fa400000)
 ParOldGen       total 57344K, used 26055K [0x00000000c0000000, 0x00000000c3800000, 0x00000000eab00000)
  object space 57344K, 45% used [0x00000000c0000000,0x00000000c1971fb8,0x00000000c3800000)
 Metaspace       used 7569K, capacity 8066K, committed 8192K, reserved 1056768K
  class space    used 717K, capacity 753K, committed 768K, reserved 1048576K

