# JRE version: Java(TM) SE Runtime Environment (8.0_45-b14) (build 1.8.0_45-b14)
# Java VM: Java HotSpot(TM) 64-Bit Server VM (25.45-b02 mixed mode linux-amd64 compressed oops)
Heap:
 PSYoungGen      total 202752K, used 68599K [0x00000000eab00000, 0x00000000fd680000, 0x0000000100000000)
  eden space 134144K, 0% used [0x00000000eab00000,0x00000000eab00000,0x00000000f2e00000)
  from space 68608K, 99% used [0x00000000f9380000,0x00000000fd67deb0,0x00000000fd680000)
  to   space 56320K, 0% used [0x00000000f2e00000,0x00000000f2e00000,0x00000000f6500000)
 ParOldGen       total 122880K, used 93974K [0x00000000c0000000, 0x00000000c7800000, 0x00000000eab00000)
  object space 122880K, 76% used [0x00000000c0000000,0x00000000c5bc5800,0x00000000c7800000)
 Metaspace       used 5914K, capacity 7092K, committed 7296K, reserved 1056768K
  class space    used 555K, capacity 616K, committed 640K, reserved 1048576K
GC Heap History (10 events):
Event: 11,277 GC heap after
Heap after GC invocations=7 (full 1):
 PSYoungGen      total 108032K, used 19947K [0x00000000eab00000, 0x00000000f4a00000, 0x0000000100000000)
  eden space 88064K, 0% used [0x00000000eab00000,0x00000000eab00000,0x00000000f0100000)
  from space 19968K, 99% used [0x00000000f3680000,0x00000000f49fac00,0x00000000f4a00000)
  to   space 27648K, 0% used [0x00000000f1400000,0x00000000f1400000,0x00000000f2f00000)
 ParOldGen       total 76288K, used 39265K [0x00000000c0000000, 0x00000000c4a80000, 0x00000000eab00000)
  object space 76288K, 51% used [0x00000000c0000000,0x00000000c26585e0,0x00000000c4a80000)
 Metaspace       used 5898K, capacity 7092K, committed 7296K, reserved 1056768K
  class space    used 555K, capacity 616K, committed 640K, reserved 1048576K
}
Event: 13,897 GC heap before
{Heap before GC invocations=8 (full 1):
 PSYoungGen      total 108032K, used 108011K [0x00000000eab00000, 0x00000000f4a00000, 0x0000000100000000)
  eden space 88064K, 100% used [0x00000000eab00000,0x00000000f0100000,0x00000000f0100000)
  from space 19968K, 99% used [0x00000000f3680000,0x00000000f49fac00,0x00000000f4a00000)
  to   space 27648K, 0% used [0x00000000f1400000,0x00000000f1400000,0x00000000f2f00000)
 ParOldGen       total 76288K, used 39265K [0x00000000c0000000, 0x00000000c4a80000, 0x00000000eab00000)
  object space 76288K, 51% used [0x00000000c0000000,0x00000000c26585e0,0x00000000c4a80000)
 Metaspace       used 5901K, capacity 7092K, committed 7296K, reserved 1056768K
  class space    used 555K, capacity 616K, committed 640K, reserved 1048576K
Event: 14,647 GC heap after
Heap after GC invocations=8 (full 1):
 PSYoungGen      total 135168K, used 27631K [0x00000000eab00000, 0x00000000f9580000, 0x0000000100000000)
  eden space 107520K, 0% used [0x00000000eab00000,0x00000000eab00000,0x00000000f1400000)
  from space 27648K, 99% used [0x00000000f1400000,0x00000000f2efbda0,0x00000000f2f00000)
  to   space 49664K, 0% used [0x00000000f6500000,0x00000000f6500000,0x00000000f9580000)
 ParOldGen       total 76288K, used 71078K [0x00000000c0000000, 0x00000000c4a80000, 0x00000000eab00000)
  object space 76288K, 93% used [0x00000000c0000000,0x00000000c4569ba0,0x00000000c4a80000)
 Metaspace       used 5901K, capacity 7092K, committed 7296K, reserved 1056768K
  class space    used 555K, capacity 616K, committed 640K, reserved 1048576K
}
Event: 14,648 GC heap before
{Heap before GC invocations=9 (full 2):
 PSYoungGen      total 135168K, used 27631K [0x00000000eab00000, 0x00000000f9580000, 0x0000000100000000)
  eden space 107520K, 0% used [0x00000000eab00000,0x00000000eab00000,0x00000000f1400000)
  from space 27648K, 99% used [0x00000000f1400000,0x00000000f2efbda0,0x00000000f2f00000)
  to   space 49664K, 0% used [0x00000000f6500000,0x00000000f6500000,0x00000000f9580000)
 ParOldGen       total 76288K, used 71078K [0x00000000c0000000, 0x00000000c4a80000, 0x00000000eab00000)
  object space 76288K, 93% used [0x00000000c0000000,0x00000000c4569ba0,0x00000000c4a80000)
 Metaspace       used 5901K, capacity 7092K, committed 7296K, reserved 1056768K
  class space    used 555K, capacity 616K, committed 640K, reserved 1048576K
Event: 15,366 GC heap after
Heap after GC invocations=9 (full 2):
 PSYoungGen      total 135168K, used 0K [0x00000000eab00000, 0x00000000f9580000, 0x0000000100000000)
  eden space 107520K, 0% used [0x00000000eab00000,0x00000000eab00000,0x00000000f1400000)
  from space 27648K, 0% used [0x00000000f1400000,0x00000000f1400000,0x00000000f2f00000)
  to   space 49664K, 0% used [0x00000000f6500000,0x00000000f6500000,0x00000000f9580000)
 ParOldGen       total 122880K, used 56393K [0x00000000c0000000, 0x00000000c7800000, 0x00000000eab00000)
  object space 122880K, 45% used [0x00000000c0000000,0x00000000c37124e8,0x00000000c7800000)
 Metaspace       used 5901K, capacity 7092K, committed 7296K, reserved 1056768K
  class space    used 555K, capacity 616K, committed 640K, reserved 1048576K
}
Event: 18,553 GC heap before
{Heap before GC invocations=10 (full 2):
 PSYoungGen      total 135168K, used 107520K [0x00000000eab00000, 0x00000000f9580000, 0x0000000100000000)
  eden space 107520K, 100% used [0x00000000eab00000,0x00000000f1400000,0x00000000f1400000)
  from space 27648K, 0% used [0x00000000f1400000,0x00000000f1400000,0x00000000f2f00000)
  to   space 49664K, 0% used [0x00000000f6500000,0x00000000f6500000,0x00000000f9580000)
 ParOldGen       total 122880K, used 56393K [0x00000000c0000000, 0x00000000c7800000, 0x00000000eab00000)
  object space 122880K, 45% used [0x00000000c0000000,0x00000000c37124e8,0x00000000c7800000)
 Metaspace       used 5901K, capacity 7092K, committed 7296K, reserved 1056768K
  class space    used 555K, capacity 616K, committed 640K, reserved 1048576K
Event: 18,666 GC heap after
Heap after GC invocations=10 (full 2):
 PSYoungGen      total 183808K, used 42635K [0x00000000eab00000, 0x00000000fae00000, 0x0000000100000000)
  eden space 134144K, 0% used [0x00000000eab00000,0x00000000eab00000,0x00000000f2e00000)
  from space 49664K, 85% used [0x00000000f6500000,0x00000000f8ea2c70,0x00000000f9580000)
  to   space 56320K, 0% used [0x00000000f2e00000,0x00000000f2e00000,0x00000000f6500000)
 ParOldGen       total 122880K, used 56393K [0x00000000c0000000, 0x00000000c7800000, 0x00000000eab00000)
  object space 122880K, 45% used [0x00000000c0000000,0x00000000c37124e8,0x00000000c7800000)
 Metaspace       used 5901K, capacity 7092K, committed 7296K, reserved 1056768K
  class space    used 555K, capacity 616K, committed 640K, reserved 1048576K
}
Event: 20,832 GC heap before
{Heap before GC invocations=11 (full 2):
 PSYoungGen      total 183808K, used 176779K [0x00000000eab00000, 0x00000000fae00000, 0x0000000100000000)
  eden space 134144K, 100% used [0x00000000eab00000,0x00000000f2e00000,0x00000000f2e00000)
  from space 49664K, 85% used [0x00000000f6500000,0x00000000f8ea2c70,0x00000000f9580000)
  to   space 56320K, 0% used [0x00000000f2e00000,0x00000000f2e00000,0x00000000f6500000)
 ParOldGen       total 122880K, used 56393K [0x00000000c0000000, 0x00000000c7800000, 0x00000000eab00000)
  object space 122880K, 45% used [0x00000000c0000000,0x00000000c37124e8,0x00000000c7800000)
 Metaspace       used 5903K, capacity 7092K, committed 7296K, reserved 1056768K
  class space    used 555K, capacity 616K, committed 640K, reserved 1048576K
Event: 21,061 GC heap after
Heap after GC invocations=11 (full 2):
 PSYoungGen      total 190464K, used 56297K [0x00000000eab00000, 0x00000000fd680000, 0x0000000100000000)
  eden space 134144K, 0% used [0x00000000eab00000,0x00000000eab00000,0x00000000f2e00000)
  from space 56320K, 99% used [0x00000000f2e00000,0x00000000f64fa590,0x00000000f6500000)
  to   space 68608K, 0% used [0x00000000f9380000,0x00000000f9380000,0x00000000fd680000)
 ParOldGen       total 122880K, used 61121K [0x00000000c0000000, 0x00000000c7800000, 0x00000000eab00000)
  object space 122880K, 49% used [0x00000000c0000000,0x00000000c3bb04b8,0x00000000c7800000)
 Metaspace       used 5903K, capacity 7092K, committed 7296K, reserved 1056768K
  class space    used 555K, capacity 616K, committed 640K, reserved 1048576K
}
Event: 24,836 GC heap before
{Heap before GC invocations=12 (full 2):
 PSYoungGen      total 190464K, used 190441K [0x00000000eab00000, 0x00000000fd680000, 0x0000000100000000)
  eden space 134144K, 100% used [0x00000000eab00000,0x00000000f2e00000,0x00000000f2e00000)
  from space 56320K, 99% used [0x00000000f2e00000,0x00000000f64fa590,0x00000000f6500000)
  to   space 68608K, 0% used [0x00000000f9380000,0x00000000f9380000,0x00000000fd680000)
 ParOldGen       total 122880K, used 61121K [0x00000000c0000000, 0x00000000c7800000, 0x00000000eab00000)
  object space 122880K, 49% used [0x00000000c0000000,0x00000000c3bb04b8,0x00000000c7800000)
 Metaspace       used 5914K, capacity 7092K, committed 7296K, reserved 1056768K
  class space    used 555K, capacity 616K, committed 640K, reserved 1048576K

