# JRE version: Java(TM) SE Runtime Environment (8.0_45-b14) (build 1.8.0_45-b14)
# Java VM: Java HotSpot(TM) 64-Bit Server VM (25.45-b02 mixed mode linux-amd64 compressed oops)
Heap:
 PSYoungGen      total 237056K, used 6985K [0x00000000eab00000, 0x0000000100000000, 0x0000000100000000)
  eden space 124928K, 0% used [0x00000000eab00000,0x00000000eab00000,0x00000000f2500000)
  from space 112128K, 6% used [0x00000000f2500000,0x00000000f2bd2440,0x00000000f9280000)
  to   space 112128K, 0% used [0x00000000f9280000,0x00000000f9280000,0x0000000100000000)
 ParOldGen       total 122368K, used 122355K [0x00000000c0000000, 0x00000000c7780000, 0x00000000eab00000)
  object space 122368K, 99% used [0x00000000c0000000,0x00000000c777ccc8,0x00000000c7780000)
 Metaspace       used 5934K, capacity 7092K, committed 7296K, reserved 1056768K
  class space    used 555K, capacity 616K, committed 640K, reserved 1048576K
GC Heap History (10 events):
Event: 26,209 GC heap after
Heap after GC invocations=13 (full 2):
 PSYoungGen      total 194048K, used 50508K [0x00000000eab00000, 0x00000000fcd00000, 0x0000000100000000)
  eden space 130048K, 0% used [0x00000000eab00000,0x00000000eab00000,0x00000000f2a00000)
  from space 64000K, 78% used [0x00000000f2a00000,0x00000000f5b530f0,0x00000000f6880000)
  to   space 69632K, 0% used [0x00000000f8900000,0x00000000f8900000,0x00000000fcd00000)
 ParOldGen       total 122368K, used 52273K [0x00000000c0000000, 0x00000000c7780000, 0x00000000eab00000)
  object space 122368K, 42% used [0x00000000c0000000,0x00000000c330c7b0,0x00000000c7780000)
 Metaspace       used 5922K, capacity 7092K, committed 7296K, reserved 1056768K
  class space    used 555K, capacity 616K, committed 640K, reserved 1048576K
}
Event: 29,043 GC heap before
{Heap before GC invocations=14 (full 2):
 PSYoungGen      total 194048K, used 180556K [0x00000000eab00000, 0x00000000fcd00000, 0x0000000100000000)
  eden space 130048K, 100% used [0x00000000eab00000,0x00000000f2a00000,0x00000000f2a00000)
  from space 64000K, 78% used [0x00000000f2a00000,0x00000000f5b530f0,0x00000000f6880000)
  to   space 69632K, 0% used [0x00000000f8900000,0x00000000f8900000,0x00000000fcd00000)
 ParOldGen       total 122368K, used 52273K [0x00000000c0000000, 0x00000000c7780000, 0x00000000eab00000)
  object space 122368K, 42% used [0x00000000c0000000,0x00000000c330c7b0,0x00000000c7780000)
 Metaspace       used 5928K, capacity 7092K, committed 7296K, reserved 1056768K
  class space    used 555K, capacity 616K, committed 640K, reserved 1048576K
Event: 29,238 GC heap after
Heap after GC invocations=14 (full 2):
 PSYoungGen      total 219648K, used 59739K [0x00000000eab00000, 0x00000000fdc80000, 0x0000000100000000)
  eden space 150016K, 0% used [0x00000000eab00000,0x00000000eab00000,0x00000000f3d80000)
  from space 69632K, 85% used [0x00000000f8900000,0x00000000fc356cf0,0x00000000fcd00000)
  to   space 77312K, 0% used [0x00000000f3d80000,0x00000000f3d80000,0x00000000f8900000)
 ParOldGen       total 122368K, used 52273K [0x00000000c0000000, 0x00000000c7780000, 0x00000000eab00000)
  object space 122368K, 42% used [0x00000000c0000000,0x00000000c330c7b0,0x00000000c7780000)
 Metaspace       used 5928K, capacity 7092K, committed 7296K, reserved 1056768K
  class space    used 555K, capacity 616K, committed 640K, reserved 1048576K
}
Event: 33,421 GC heap before
{Heap before GC invocations=15 (full 2):
 PSYoungGen      total 219648K, used 209755K [0x00000000eab00000, 0x00000000fdc80000, 0x0000000100000000)
  eden space 150016K, 100% used [0x00000000eab00000,0x00000000f3d80000,0x00000000f3d80000)
  from space 69632K, 85% used [0x00000000f8900000,0x00000000fc356cf0,0x00000000fcd00000)
  to   space 77312K, 0% used [0x00000000f3d80000,0x00000000f3d80000,0x00000000f8900000)
 ParOldGen       total 122368K, used 52273K [0x00000000c0000000, 0x00000000c7780000, 0x00000000eab00000)
  object space 122368K, 42% used [0x00000000c0000000,0x00000000c330c7b0,0x00000000c7780000)
 Metaspace       used 5928K, capacity 7092K, committed 7296K, reserved 1056768K
  class space    used 555K, capacity 616K, committed 640K, reserved 1048576K
Event: 33,739 GC heap after
Heap after GC invocations=15 (full 2):
 PSYoungGen      total 227328K, used 77285K [0x00000000eab00000, 0x0000000100000000, 0x0000000100000000)
  eden space 150016K, 0% used [0x00000000eab00000,0x00000000eab00000,0x00000000f3d80000)
  from space 77312K, 99% used [0x00000000f3d80000,0x00000000f88f9728,0x00000000f8900000)
  to   space 94720K, 0% used [0x00000000fa380000,0x00000000fa380000,0x0000000100000000)
 ParOldGen       total 122368K, used 65992K [0x00000000c0000000, 0x00000000c7780000, 0x00000000eab00000)
  object space 122368K, 53% used [0x00000000c0000000,0x00000000c40721b8,0x00000000c7780000)
 Metaspace       used 5928K, capacity 7092K, committed 7296K, reserved 1056768K
  class space    used 555K, capacity 616K, committed 640K, reserved 1048576K
}
Event: 36,124 GC heap before
{Heap before GC invocations=16 (full 2):
 PSYoungGen      total 227328K, used 227301K [0x00000000eab00000, 0x0000000100000000, 0x0000000100000000)
  eden space 150016K, 100% used [0x00000000eab00000,0x00000000f3d80000,0x00000000f3d80000)
  from space 77312K, 99% used [0x00000000f3d80000,0x00000000f88f9728,0x00000000f8900000)
  to   space 94720K, 0% used [0x00000000fa380000,0x00000000fa380000,0x0000000100000000)
 ParOldGen       total 122368K, used 65992K [0x00000000c0000000, 0x00000000c7780000, 0x00000000eab00000)
  object space 122368K, 53% used [0x00000000c0000000,0x00000000c40721b8,0x00000000c7780000)
 Metaspace       used 5928K, capacity 7092K, committed 7296K, reserved 1056768K
  class space    used 555K, capacity 616K, committed 640K, reserved 1048576K
Event: 36,528 GC heap after
Heap after GC invocations=16 (full 2):
 PSYoungGen      total 219648K, used 94695K [0x00000000eab00000, 0x0000000100000000, 0x0000000100000000)
  eden space 124928K, 0% used [0x00000000eab00000,0x00000000eab00000,0x00000000f2500000)
  from space 94720K, 99% used [0x00000000fa380000,0x00000000ffff9fc0,0x0000000100000000)
  to   space 112128K, 0% used [0x00000000f2500000,0x00000000f2500000,0x00000000f9280000)
 ParOldGen       total 122368K, used 70513K [0x00000000c0000000, 0x00000000c7780000, 0x00000000eab00000)
  object space 122368K, 57% used [0x00000000c0000000,0x00000000c44dc660,0x00000000c7780000)
 Metaspace       used 5928K, capacity 7092K, committed 7296K, reserved 1056768K
  class space    used 555K, capacity 616K, committed 640K, reserved 1048576K
}
Event: 40,155 GC heap before
{Heap before GC invocations=17 (full 2):
 PSYoungGen      total 219648K, used 219623K [0x00000000eab00000, 0x0000000100000000, 0x0000000100000000)
  eden space 124928K, 100% used [0x00000000eab00000,0x00000000f2500000,0x00000000f2500000)
  from space 94720K, 99% used [0x00000000fa380000,0x00000000ffff9fc0,0x0000000100000000)
  to   space 112128K, 0% used [0x00000000f2500000,0x00000000f2500000,0x00000000f9280000)
 ParOldGen       total 122368K, used 70513K [0x00000000c0000000, 0x00000000c7780000, 0x00000000eab00000)
  object space 122368K, 57% used [0x00000000c0000000,0x00000000c44dc660,0x00000000c7780000)
 Metaspace       used 5934K, capacity 7092K, committed 7296K, reserved 1056768K
  class space    used 555K, capacity 616K, committed 640K, reserved 1048576K
Event: 40,642 GC heap after
Heap after GC invocations=17 (full 2):
 PSYoungGen      total 237056K, used 112101K [0x00000000eab00000, 0x0000000100000000, 0x0000000100000000)
  eden space 124928K, 0% used [0x00000000eab00000,0x00000000eab00000,0x00000000f2500000)
  from space 112128K, 99% used [0x00000000f2500000,0x00000000f92796c8,0x00000000f9280000)
  to   space 112128K, 0% used [0x00000000f9280000,0x00000000f9280000,0x0000000100000000)
 ParOldGen       total 122368K, used 97965K [0x00000000c0000000, 0x00000000c7780000, 0x00000000eab00000)
  object space 122368K, 80% used [0x00000000c0000000,0x00000000c5fab498,0x00000000c7780000)
 Metaspace       used 5934K, capacity 7092K, committed 7296K, reserved 1056768K
  class space    used 555K, capacity 616K, committed 640K, reserved 1048576K
}
Event: 40,642 GC heap before
{Heap before GC invocations=18 (full 3):
 PSYoungGen      total 237056K, used 112101K [0x00000000eab00000, 0x0000000100000000, 0x0000000100000000)
  eden space 124928K, 0% used [0x00000000eab00000,0x00000000eab00000,0x00000000f2500000)
  from space 112128K, 99% used [0x00000000f2500000,0x00000000f92796c8,0x00000000f9280000)
  to   space 112128K, 0% used [0x00000000f9280000,0x00000000f9280000,0x0000000100000000)
 ParOldGen       total 122368K, used 97965K [0x00000000c0000000, 0x00000000c7780000, 0x00000000eab00000)
  object space 122368K, 80% used [0x00000000c0000000,0x00000000c5fab498,0x00000000c7780000)
 Metaspace       used 5934K, capacity 7092K, committed 7296K, reserved 1056768K
  class space    used 555K, capacity 616K, committed 640K, reserved 1048576K

