# JRE version: Java(TM) SE Runtime Environment (8.0_45-b14) (build 1.8.0_45-b14)
# Java VM: Java HotSpot(TM) 64-Bit Server VM (25.45-b02 mixed mode linux-amd64 compressed oops)
Heap:
 PSYoungGen      total 221184K, used 0K [0x00000000eab00000, 0x0000000100000000, 0x0000000100000000)
  eden space 151040K, 0% used [0x00000000eab00000,0x00000000eab00000,0x00000000f3e80000)
  from space 70144K, 0% used [0x00000000f9b80000,0x00000000f9b80000,0x00000000fe000000)
  to   space 95232K, 0% used [0x00000000f3e80000,0x00000000f3e80000,0x00000000f9b80000)
 ParOldGen       total 125440K, used 90574K [0x00000000c0000000, 0x00000000c7a80000, 0x00000000eab00000)
  object space 125440K, 72% used [0x00000000c0000000,0x00000000c58738a8,0x00000000c7a80000)
 Metaspace       used 5897K, capacity 7092K, committed 7296K, reserved 1056768K
  class space    used 555K, capacity 616K, committed 640K, reserved 1048576K
GC Heap History (10 events):
Event: 12,878 GC heap after
Heap after GC invocations=8 (full 1):
 PSYoungGen      total 134144K, used 27622K [0x00000000eab00000, 0x00000000f9f00000, 0x0000000100000000)
  eden space 106496K, 0% used [0x00000000eab00000,0x00000000eab00000,0x00000000f1300000)
  from space 27648K, 99% used [0x00000000f1300000,0x00000000f2df9a28,0x00000000f2e00000)
  to   space 51200K, 0% used [0x00000000f6d00000,0x00000000f6d00000,0x00000000f9f00000)
 ParOldGen       total 75264K, used 74738K [0x00000000c0000000, 0x00000000c4980000, 0x00000000eab00000)
  object space 75264K, 99% used [0x00000000c0000000,0x00000000c48fc990,0x00000000c4980000)
 Metaspace       used 5887K, capacity 7092K, committed 7296K, reserved 1056768K
  class space    used 555K, capacity 616K, committed 640K, reserved 1048576K
}
Event: 12,878 GC heap before
{Heap before GC invocations=9 (full 2):
 PSYoungGen      total 134144K, used 27622K [0x00000000eab00000, 0x00000000f9f00000, 0x0000000100000000)
  eden space 106496K, 0% used [0x00000000eab00000,0x00000000eab00000,0x00000000f1300000)
  from space 27648K, 99% used [0x00000000f1300000,0x00000000f2df9a28,0x00000000f2e00000)
  to   space 51200K, 0% used [0x00000000f6d00000,0x00000000f6d00000,0x00000000f9f00000)
 ParOldGen       total 75264K, used 74738K [0x00000000c0000000, 0x00000000c4980000, 0x00000000eab00000)
  object space 75264K, 99% used [0x00000000c0000000,0x00000000c48fc990,0x00000000c4980000)
 Metaspace       used 5887K, capacity 7092K, committed 7296K, reserved 1056768K
  class space    used 555K, capacity 616K, committed 640K, reserved 1048576K
Event: 13,389 GC heap after
Heap after GC invocations=9 (full 2):
 PSYoungGen      total 134144K, used 0K [0x00000000eab00000, 0x00000000f9f00000, 0x0000000100000000)
  eden space 106496K, 0% used [0x00000000eab00000,0x00000000eab00000,0x00000000f1300000)
  from space 27648K, 0% used [0x00000000f1300000,0x00000000f1300000,0x00000000f2e00000)
  to   space 51200K, 0% used [0x00000000f6d00000,0x00000000f6d00000,0x00000000f9f00000)
 ParOldGen       total 125440K, used 59718K [0x00000000c0000000, 0x00000000c7a80000, 0x00000000eab00000)
  object space 125440K, 47% used [0x00000000c0000000,0x00000000c3a519c0,0x00000000c7a80000)
 Metaspace       used 5887K, capacity 7092K, committed 7296K, reserved 1056768K
  class space    used 555K, capacity 616K, committed 640K, reserved 1048576K
}
Event: 16,262 GC heap before
{Heap before GC invocations=10 (full 2):
 PSYoungGen      total 134144K, used 106496K [0x00000000eab00000, 0x00000000f9f00000, 0x0000000100000000)
  eden space 106496K, 100% used [0x00000000eab00000,0x00000000f1300000,0x00000000f1300000)
  from space 27648K, 0% used [0x00000000f1300000,0x00000000f1300000,0x00000000f2e00000)
  to   space 51200K, 0% used [0x00000000f6d00000,0x00000000f6d00000,0x00000000f9f00000)
 ParOldGen       total 125440K, used 59718K [0x00000000c0000000, 0x00000000c7a80000, 0x00000000eab00000)
  object space 125440K, 47% used [0x00000000c0000000,0x00000000c3a519c0,0x00000000c7a80000)
 Metaspace       used 5887K, capacity 7092K, committed 7296K, reserved 1056768K
  class space    used 555K, capacity 616K, committed 640K, reserved 1048576K
Event: 16,372 GC heap after
Heap after GC invocations=10 (full 2):
 PSYoungGen      total 192512K, used 42433K [0x00000000eab00000, 0x00000000fa980000, 0x0000000100000000)
  eden space 141312K, 0% used [0x00000000eab00000,0x00000000eab00000,0x00000000f3500000)
  from space 51200K, 82% used [0x00000000f6d00000,0x00000000f9670510,0x00000000f9f00000)
  to   space 57344K, 0% used [0x00000000f3500000,0x00000000f3500000,0x00000000f6d00000)
 ParOldGen       total 125440K, used 59718K [0x00000000c0000000, 0x00000000c7a80000, 0x00000000eab00000)
  object space 125440K, 47% used [0x00000000c0000000,0x00000000c3a519c0,0x00000000c7a80000)
 Metaspace       used 5887K, capacity 7092K, committed 7296K, reserved 1056768K
  class space    used 555K, capacity 616K, committed 640K, reserved 1048576K
}
Event: 18,712 GC heap before
{Heap before GC invocations=11 (full 2):
 PSYoungGen      total 192512K, used 183745K [0x00000000eab00000, 0x00000000fa980000, 0x0000000100000000)
  eden space 141312K, 100% used [0x00000000eab00000,0x00000000f3500000,0x00000000f3500000)
  from space 51200K, 82% used [0x00000000f6d00000,0x00000000f9670510,0x00000000f9f00000)
  to   space 57344K, 0% used [0x00000000f3500000,0x00000000f3500000,0x00000000f6d00000)
 ParOldGen       total 125440K, used 59718K [0x00000000c0000000, 0x00000000c7a80000, 0x00000000eab00000)
  object space 125440K, 47% used [0x00000000c0000000,0x00000000c3a519c0,0x00000000c7a80000)
 Metaspace       used 5893K, capacity 7092K, committed 7296K, reserved 1056768K
  class space    used 555K, capacity 616K, committed 640K, reserved 1048576K
Event: 18,936 GC heap after
Heap after GC invocations=11 (full 2):
 PSYoungGen      total 198656K, used 57340K [0x00000000eab00000, 0x00000000fe000000, 0x0000000100000000)
  eden space 141312K, 0% used [0x00000000eab00000,0x00000000eab00000,0x00000000f3500000)
  from space 57344K, 99% used [0x00000000f3500000,0x00000000f6cff118,0x00000000f6d00000)
  to   space 70144K, 0% used [0x00000000f9b80000,0x00000000f9b80000,0x00000000fe000000)
 ParOldGen       total 125440K, used 64720K [0x00000000c0000000, 0x00000000c7a80000, 0x00000000eab00000)
  object space 125440K, 51% used [0x00000000c0000000,0x00000000c3f34000,0x00000000c7a80000)
 Metaspace       used 5893K, capacity 7092K, committed 7296K, reserved 1056768K
  class space    used 555K, capacity 616K, committed 640K, reserved 1048576K
}
Event: 22,280 GC heap before
{Heap before GC invocations=12 (full 2):
 PSYoungGen      total 198656K, used 198652K [0x00000000eab00000, 0x00000000fe000000, 0x0000000100000000)
  eden space 141312K, 100% used [0x00000000eab00000,0x00000000f3500000,0x00000000f3500000)
  from space 57344K, 99% used [0x00000000f3500000,0x00000000f6cff118,0x00000000f6d00000)
  to   space 70144K, 0% used [0x00000000f9b80000,0x00000000f9b80000,0x00000000fe000000)
 ParOldGen       total 125440K, used 64720K [0x00000000c0000000, 0x00000000c7a80000, 0x00000000eab00000)
  object space 125440K, 51% used [0x00000000c0000000,0x00000000c3f34000,0x00000000c7a80000)
 Metaspace       used 5897K, capacity 7092K, committed 7296K, reserved 1056768K
  class space    used 555K, capacity 616K, committed 640K, reserved 1048576K
Event: 22,686 GC heap after
Heap after GC invocations=12 (full 2):
 PSYoungGen      total 221184K, used 70118K [0x00000000eab00000, 0x0000000100000000, 0x0000000100000000)
  eden space 151040K, 0% used [0x00000000eab00000,0x00000000eab00000,0x00000000f3e80000)
  from space 70144K, 99% used [0x00000000f9b80000,0x00000000fdff9820,0x00000000fe000000)
  to   space 95232K, 0% used [0x00000000f3e80000,0x00000000f3e80000,0x00000000f9b80000)
 ParOldGen       total 125440K, used 101173K [0x00000000c0000000, 0x00000000c7a80000, 0x00000000eab00000)
  object space 125440K, 80% used [0x00000000c0000000,0x00000000c62cd7a0,0x00000000c7a80000)
 Metaspace       used 5897K, capacity 7092K, committed 7296K, reserved 1056768K
  class space    used 555K, capacity 616K, committed 640K, reserved 1048576K
}
Event: 22,686 GC heap before
{Heap before GC invocations=13 (full 3):
 PSYoungGen      total 221184K, used 70118K [0x00000000eab00000, 0x0000000100000000, 0x0000000100000000)
  eden space 151040K, 0% used [0x00000000eab00000,0x00000000eab00000,0x00000000f3e80000)
  from space 70144K, 99% used [0x00000000f9b80000,0x00000000fdff9820,0x00000000fe000000)
  to   space 95232K, 0% used [0x00000000f3e80000,0x00000000f3e80000,0x00000000f9b80000)
 ParOldGen       total 125440K, used 101173K [0x00000000c0000000, 0x00000000c7a80000, 0x00000000eab00000)
  object space 125440K, 80% used [0x00000000c0000000,0x00000000c62cd7a0,0x00000000c7a80000)
 Metaspace       used 5897K, capacity 7092K, committed 7296K, reserved 1056768K
  class space    used 555K, capacity 616K, committed 640K, reserved 1048576K

